23/06/2019 10:21:45 passing arg to libvncserver: -rfbauth
23/06/2019 10:21:45 passing arg to libvncserver: /home/yangrongquan/.vnc/passwd
23/06/2019 10:21:45 x11vnc version: 0.9.13 lastmod: 2011-08-10  pid: 3654
23/06/2019 10:21:45 XOpenDisplay("") failed.
23/06/2019 10:21:45 Trying again with XAUTHLOCALHOSTNAME=localhost ...
23/06/2019 10:21:45 
23/06/2019 10:21:45 *** XOpenDisplay failed. No -display or DISPLAY.
23/06/2019 10:21:45 *** Trying ":0" in 4 seconds.  Press Ctrl-C to abort.
23/06/2019 10:21:45 *** 1 2 3 4 
23/06/2019 10:21:49 *** XOpenDisplay of ":0" successful.
23/06/2019 10:21:49 
23/06/2019 10:21:49 Using X display :0
23/06/2019 10:21:49 rootwin: 0x10c reswin: 0x3000001 dpy: 0x17180f0
23/06/2019 10:21:49 
23/06/2019 10:21:49 ------------------ USEFUL INFORMATION ------------------
23/06/2019 10:21:49 X DAMAGE available on display, using it for polling hints.
23/06/2019 10:21:49   To disable this behavior use: '-noxdamage'
23/06/2019 10:21:49 
23/06/2019 10:21:49   Most compositing window managers like 'compiz' or 'beryl'
23/06/2019 10:21:49   cause X DAMAGE to fail, and so you may not see any screen
23/06/2019 10:21:49   updates via VNC.  Either disable 'compiz' (recommended) or
23/06/2019 10:21:49   supply the x11vnc '-noxdamage' command line option.
23/06/2019 10:21:49 
23/06/2019 10:21:49 Wireframing: -wireframe mode is in effect for window moves.
23/06/2019 10:21:49   If this yields undesired behavior (poor response, painting
23/06/2019 10:21:49   errors, etc) it may be disabled:
23/06/2019 10:21:49    - use '-nowf' to disable wireframing completely.
23/06/2019 10:21:49    - use '-nowcr' to disable the Copy Rectangle after the
23/06/2019 10:21:49      moved window is released in the new position.
23/06/2019 10:21:49   Also see the -help entry for tuning parameters.
23/06/2019 10:21:49   You can press 3 Alt_L's (Left "Alt" key) in a row to 
23/06/2019 10:21:49   repaint the screen, also see the -fixscreen option for
23/06/2019 10:21:49   periodic repaints.
23/06/2019 10:21:49 
23/06/2019 10:21:49 XFIXES available on display, resetting cursor mode
23/06/2019 10:21:49   to: '-cursor most'.
23/06/2019 10:21:49   to disable this behavior use: '-cursor arrow'
23/06/2019 10:21:49   or '-noxfixes'.
23/06/2019 10:21:49 using XFIXES for cursor drawing.
23/06/2019 10:21:49 GrabServer control via XTEST.
23/06/2019 10:21:49 
23/06/2019 10:21:49 Scroll Detection: -scrollcopyrect mode is in effect to
23/06/2019 10:21:49   use RECORD extension to try to detect scrolling windows
23/06/2019 10:21:49   (induced by either user keystroke or mouse input).
23/06/2019 10:21:49   If this yields undesired behavior (poor response, painting
23/06/2019 10:21:49   errors, etc) it may be disabled via: '-noscr'
23/06/2019 10:21:49   Also see the -help entry for tuning parameters.
23/06/2019 10:21:49   You can press 3 Alt_L's (Left "Alt" key) in a row to 
23/06/2019 10:21:49   repaint the screen, also see the -fixscreen option for
23/06/2019 10:21:49   periodic repaints.
23/06/2019 10:21:49 
23/06/2019 10:21:49 XKEYBOARD: number of keysyms per keycode 7 is greater
23/06/2019 10:21:49   than 4 and 51 keysyms are mapped above 4.
23/06/2019 10:21:49   Automatically switching to -xkb mode.
23/06/2019 10:21:49   If this makes the key mapping worse you can
23/06/2019 10:21:49   disable it with the "-noxkb" option.
23/06/2019 10:21:49   Also, remember "-remap DEAD" for accenting characters.
23/06/2019 10:21:49 
23/06/2019 10:21:49 X FBPM extension not supported.
23/06/2019 10:21:49 X display is capable of DPMS.
23/06/2019 10:21:49 --------------------------------------------------------
23/06/2019 10:21:49 
23/06/2019 10:21:49 Default visual ID: 0x21
23/06/2019 10:21:49 Read initial data from X display into framebuffer.
23/06/2019 10:21:49 initialize_screen: fb_depth/fb_bpp/fb_Bpl 24/32/5440
23/06/2019 10:21:49 
23/06/2019 10:21:49 X display :0 is 32bpp depth=24 true color
23/06/2019 10:21:49 
23/06/2019 10:21:49 Autoprobing TCP port 
23/06/2019 10:21:49 Autoprobing selected TCP port 5900
23/06/2019 10:21:49 Autoprobing TCP6 port 
23/06/2019 10:21:49 Autoprobing selected TCP6 port 5900
23/06/2019 10:21:49 listen6: bind: Address already in use
23/06/2019 10:21:49 Not listening on IPv6 interface.
23/06/2019 10:21:49 
23/06/2019 10:21:49 Xinerama is present and active (e.g. multi-head).
23/06/2019 10:21:49 Xinerama: number of sub-screens: 1
23/06/2019 10:21:49 Xinerama: no blackouts needed (only one sub-screen)
23/06/2019 10:21:49 
23/06/2019 10:21:49 fb read rate: 2124 MB/sec
23/06/2019 10:21:49 fast read: reset -wait  ms to: 10
23/06/2019 10:21:49 fast read: reset -defer ms to: 10
23/06/2019 10:21:49 The X server says there are 10 mouse buttons.
23/06/2019 10:21:49 screen setup finished.
23/06/2019 10:21:49 

The VNC desktop is:      yangrongquan-NUC8i5BEH:0
PORT=5900

******************************************************************************
Have you tried the x11vnc '-ncache' VNC client-side pixel caching feature yet?

The scheme stores pixel data offscreen on the VNC viewer side for faster
retrieval.  It should work with any VNC viewer.  Try it by running:

    x11vnc -ncache 10 ...

One can also add -ncache_cr for smooth 'copyrect' window motion.
More info: http://www.karlrunge.com/x11vnc/faq.html#faq-client-caching

23/06/2019 10:30:05 Got connection from client 192.168.1.3
23/06/2019 10:30:05   other clients:
23/06/2019 10:30:05 Normal socket connection
23/06/2019 10:30:05 Disabled X server key autorepeat.
23/06/2019 10:30:05   to force back on run: 'xset r on' (3 times)
23/06/2019 10:30:05 incr accepted_client=1 for 192.168.1.3:49523  sock=12
23/06/2019 10:30:05 Client Protocol Version 3.3
23/06/2019 10:30:05 Protocol version sent 3.3, using 3.3
23/06/2019 10:30:06 created   xdamage object: 0x300002f
23/06/2019 10:30:12 Got connection from client 192.168.1.3
23/06/2019 10:30:12   other clients:
23/06/2019 10:30:12      192.168.1.3
23/06/2019 10:30:12 Normal socket connection
23/06/2019 10:30:12 incr accepted_client=2 for 192.168.1.3:49537  sock=13
23/06/2019 10:30:12 client_count: 1
23/06/2019 10:30:12 Client 192.168.1.3 gone
23/06/2019 10:30:12 Statistics             events    Transmit/ RawEquiv ( saved)
23/06/2019 10:30:12  TOTALS              :      0 |         0/        0 (  0.0%)
23/06/2019 10:30:12 Statistics             events    Received/ RawEquiv ( saved)
23/06/2019 10:30:12  TOTALS              :      0 |         0/        0 (  0.0%)
23/06/2019 10:30:12 Client Protocol Version 3.3
23/06/2019 10:30:12 Protocol version sent 3.3, using 3.3
23/06/2019 10:30:13 rfbProcessClientNormalMessage: ignoring unsupported encoding type Enc(0x000003F3)
23/06/2019 10:30:13 rfbProcessClientNormalMessage: ignoring unsupported encoding type Enc(0x000003EA)
23/06/2019 10:30:13 Enabling full-color cursor updates for client 192.168.1.3
23/06/2019 10:30:13 rfbProcessClientNormalMessage: ignoring unsupported encoding type Enc(0x00000450)
23/06/2019 10:30:13 rfbProcessClientNormalMessage: ignoring unsupported encoding type Enc(0x0000044C)
23/06/2019 10:30:13 Enabling NewFBSize protocol extension for client 192.168.1.3
23/06/2019 10:30:13 rfbProcessClientNormalMessage: ignoring unsupported encoding type Enc(0x0000044D)
23/06/2019 10:30:13 rfbProcessClientNormalMessage: ignoring unsupported encoding type Enc(0x00000451)
23/06/2019 10:30:13 rfbProcessClientNormalMessage: ignoring unsupported encoding type Enc(0x0000044E)
23/06/2019 10:30:13 Using zlib encoding for client 192.168.1.3
23/06/2019 10:30:13 Pixel format for client 192.168.1.3:
23/06/2019 10:30:13   32 bpp, depth 32, little endian
23/06/2019 10:30:13   true colour: max r 255 g 255 b 255, shift r 16 g 8 b 0
23/06/2019 10:30:13 rfbProcessClientNormalMessage: ignoring unsupported encoding type Enc(0x000003F3)
23/06/2019 10:30:13 rfbProcessClientNormalMessage: ignoring unsupported encoding type Enc(0x000003EA)
23/06/2019 10:30:13 Enabling full-color cursor updates for client 192.168.1.3
23/06/2019 10:30:13 rfbProcessClientNormalMessage: ignoring unsupported encoding type Enc(0x00000450)
23/06/2019 10:30:13 rfbProcessClientNormalMessage: ignoring unsupported encoding type Enc(0x0000044C)
23/06/2019 10:30:13 Enabling NewFBSize protocol extension for client 192.168.1.3
23/06/2019 10:30:13 rfbProcessClientNormalMessage: ignoring unsupported encoding type Enc(0x0000044D)
23/06/2019 10:30:13 rfbProcessClientNormalMessage: ignoring unsupported encoding type Enc(0x00000451)
23/06/2019 10:30:13 rfbProcessClientNormalMessage: ignoring unsupported encoding type Enc(0x0000044E)
23/06/2019 10:30:13 Switching from zlib to zlib Encoding for client 192.168.1.3
23/06/2019 10:30:14 client useCopyRect: 192.168.1.3 0
23/06/2019 10:30:14 client_set_net: 192.168.1.3  0.0204
23/06/2019 10:30:15 copy_tiles: allocating first_line at size 44
23/06/2019 10:30:21 client 2 network rate 883.0 KB/sec (5784.4 eff KB/sec)
23/06/2019 10:30:21 client 2 latency:  0.5 ms
23/06/2019 10:30:21 dt1: 0.7222, dt2: 0.0000 dt3: 0.0005 bytes: 637768
23/06/2019 10:30:21 link_rate: LR_LAN - 1 ms, 883 KB/s
23/06/2019 10:30:22 created selwin: 0x3000030
23/06/2019 10:30:22 called initialize_xfixes()
23/06/2019 10:30:25 cursor_noshape_updates_clients: 0
23/06/2019 10:30:28 client_count: 0
23/06/2019 10:30:28 Restored X server key autorepeat to: 1
23/06/2019 10:30:28 Client 192.168.1.3 gone
23/06/2019 10:30:28 Statistics             events    Transmit/ RawEquiv ( saved)
23/06/2019 10:30:28  ServerCutText       :      1 |         8/        8 (  0.0%)
23/06/2019 10:30:28  FramebufferUpdate   :     74 |         0/        0 (  0.0%)
23/06/2019 10:30:28  raw                 :      8 |       128/      128 (  0.0%)
23/06/2019 10:30:28  zlib                :    289 |   2029325/ 20360464 ( 90.0%)
23/06/2019 10:30:28  RichCursor          :      8 |     18174/    18174 (  0.0%)
23/06/2019 10:30:28  TOTALS              :    380 |   2047635/ 20378774 ( 90.0%)
23/06/2019 10:30:28 Statistics             events    Received/ RawEquiv ( saved)
23/06/2019 10:30:28  PointerEvent        :    395 |      2370/     2370 (  0.0%)
23/06/2019 10:30:28  KeyEvent            :     23 |       184/      184 (  0.0%)
23/06/2019 10:30:28  FramebufferUpdate   :    718 |      7180/     7180 (  0.0%)
23/06/2019 10:30:28  SetPixelFormat      :      1 |        20/       20 (  0.0%)
23/06/2019 10:30:28  SetEncodings        :      2 |        96/       96 (  0.0%)
23/06/2019 10:30:28  TOTALS              :   1139 |      9850/     9850 (  0.0%)
23/06/2019 10:30:28 destroyed xdamage object: 0x300002f
23/06/2019 10:30:28 Got connection from client 192.168.1.3
23/06/2019 10:30:28   other clients:
23/06/2019 10:30:28 Normal socket connection
23/06/2019 10:30:28 Disabled X server key autorepeat.
23/06/2019 10:30:28   to force back on run: 'xset r on' (3 times)
23/06/2019 10:30:28 incr accepted_client=3 for 192.168.1.3:49557  sock=12
23/06/2019 10:30:28 Client Protocol Version 3.3
23/06/2019 10:30:28 Protocol version sent 3.3, using 3.3
23/06/2019 10:30:28 rfbProcessClientNormalMessage: ignoring unsupported encoding type Enc(0x000003F3)
23/06/2019 10:30:28 rfbProcessClientNormalMessage: ignoring unsupported encoding type Enc(0x000003EA)
23/06/2019 10:30:28 Enabling full-color cursor updates for client 192.168.1.3
23/06/2019 10:30:28 rfbProcessClientNormalMessage: ignoring unsupported encoding type Enc(0x00000450)
23/06/2019 10:30:28 rfbProcessClientNormalMessage: ignoring unsupported encoding type Enc(0x0000044C)
23/06/2019 10:30:28 Enabling NewFBSize protocol extension for client 192.168.1.3
23/06/2019 10:30:28 rfbProcessClientNormalMessage: ignoring unsupported encoding type Enc(0x0000044D)
23/06/2019 10:30:28 rfbProcessClientNormalMessage: ignoring unsupported encoding type Enc(0x00000451)
23/06/2019 10:30:28 rfbProcessClientNormalMessage: ignoring unsupported encoding type Enc(0x0000044E)
23/06/2019 10:30:28 Using zlib encoding for client 192.168.1.3
23/06/2019 10:30:28 Pixel format for client 192.168.1.3:
23/06/2019 10:30:28   32 bpp, depth 32, little endian
23/06/2019 10:30:28   true colour: max r 255 g 255 b 255, shift r 16 g 8 b 0
23/06/2019 10:30:28 rfbProcessClientNormalMessage: ignoring unsupported encoding type Enc(0x000003F3)
23/06/2019 10:30:28 rfbProcessClientNormalMessage: ignoring unsupported encoding type Enc(0x000003EA)
23/06/2019 10:30:28 Enabling full-color cursor updates for client 192.168.1.3
23/06/2019 10:30:28 rfbProcessClientNormalMessage: ignoring unsupported encoding type Enc(0x00000450)
23/06/2019 10:30:28 rfbProcessClientNormalMessage: ignoring unsupported encoding type Enc(0x0000044C)
23/06/2019 10:30:28 Enabling NewFBSize protocol extension for client 192.168.1.3
23/06/2019 10:30:28 rfbProcessClientNormalMessage: ignoring unsupported encoding type Enc(0x0000044D)
23/06/2019 10:30:28 rfbProcessClientNormalMessage: ignoring unsupported encoding type Enc(0x00000451)
23/06/2019 10:30:28 rfbProcessClientNormalMessage: ignoring unsupported encoding type Enc(0x0000044E)
23/06/2019 10:30:28 Switching from zlib to zlib Encoding for client 192.168.1.3
23/06/2019 10:30:28 cursor_noshape_updates_clients: 0
23/06/2019 10:30:28 client useCopyRect: 192.168.1.3 0
23/06/2019 10:30:28 client_set_net: 192.168.1.3  0.0256
23/06/2019 10:30:28 created   xdamage object: 0x3000031
23/06/2019 10:30:33 client 3 network rate 1994.0 KB/sec (22123.9 eff KB/sec)
23/06/2019 10:30:33 client 3 latency:  0.5 ms
23/06/2019 10:30:33 dt1: 0.0492, dt2: 0.0000 dt3: 0.0005 bytes: 98200
23/06/2019 10:30:33 link_rate: LR_LAN - 1 ms, 1994 KB/s
23/06/2019 10:30:47 cursor_noshape_updates_clients: 0
23/06/2019 10:30:57 client_count: 0
23/06/2019 10:30:57 Restored X server key autorepeat to: 1
23/06/2019 10:30:57 Client 192.168.1.3 gone
23/06/2019 10:30:57 Statistics             events    Transmit/ RawEquiv ( saved)
23/06/2019 10:30:57  FramebufferUpdate   :    113 |         0/        0 (  0.0%)
23/06/2019 10:30:57  raw                 :      9 |       192/      192 (  0.0%)
23/06/2019 10:30:57  zlib                :    615 |   3677030/ 37901568 ( 90.3%)
23/06/2019 10:30:57  RichCursor          :      5 |     12000/    12000 (  0.0%)
23/06/2019 10:30:57  TOTALS              :    742 |   3689222/ 37913760 ( 90.3%)
23/06/2019 10:30:57 Statistics             events    Received/ RawEquiv ( saved)
23/06/2019 10:30:57  PointerEvent        :    609 |      3654/     3654 (  0.0%)
23/06/2019 10:30:57  FramebufferUpdate   :   1097 |     10970/    10970 (  0.0%)
23/06/2019 10:30:57  KeyEvent            :     23 |       184/      184 (  0.0%)
23/06/2019 10:30:57  SetPixelFormat      :      1 |        20/       20 (  0.0%)
23/06/2019 10:30:57  SetEncodings        :      2 |        96/       96 (  0.0%)
23/06/2019 10:30:57  TOTALS              :   1732 |     14924/    14924 (  0.0%)
23/06/2019 10:30:57 destroyed xdamage object: 0x3000031
